ParcialMovil2/app/build/intermediates/manifest_merge_blame_file/debug/manifest-merger-blame-debug-report.txt
1<?xml version="1.0" encoding="utf-8"?>
2<manifest xmlns:android="http://schemas.android.com/apk/res/android"
3    package="com.example.parcialmovil2"
4    android:versionCode="1"
5    android:versionName="1.0" >
6
7    <uses-sdk
8        android:minSdkVersion="16"
8-->src\main\AndroidManifest.xml
9        android:targetSdkVersion="30" />
9-->src\main\AndroidManifest.xml
10
11    <uses-permission android:name="android.permission.ACCESS_COARSE_LOCATION" />
11-->src\main\AndroidManifest.xml:5:5-81
11-->src\main\AndroidManifest.xml:5:22-78
12    <uses-permission android:name="android.permission.ACCESS_NETWORK_STATE" />
12-->src\main\AndroidManifest.xml:6:5-79
12-->src\main\AndroidManifest.xml:6:22-76
13    <uses-permission android:name="android.permission.INTERNET" />
13-->src\main\AndroidManifest.xml:7:5-67
13-->src\main\AndroidManifest.xml:7:22-64
14    <uses-permission android:name="android.permission.ACCESS_BACKGROUND_LOCATION" />
14-->src\main\AndroidManifest.xml:8:5-85
14-->src\main\AndroidManifest.xml:8:22-82
15    <uses-permission android:name="android.permission.ACCESS_FINE_LOCATION" />
15-->src\main\AndroidManifest.xml:9:5-78
15-->src\main\AndroidManifest.xml:9:22-76
16
17    <application
17-->src\main\AndroidManifest.xml:11:5-32:19
18        android:allowBackup="true"
18-->src\main\AndroidManifest.xml:12:9-35
19        android:appComponentFactory="androidx.core.app.CoreComponentFactory"
19-->[androidx.core:core:1.3.1] AndroidManifest.xml:24:18-86
20        android:debuggable="true"
21        android:icon="@mipmap/ic_launcher"
21-->src\main\AndroidManifest.xml:13:9-43
22        android:label="@string/app_name"
22-->src\main\AndroidManifest.xml:14:9-41
23        android:roundIcon="@mipmap/ic_launcher_round"
23-->src\main\AndroidManifest.xml:15:9-54
24        android:supportsRtl="true"
24-->src\main\AndroidManifest.xml:16:9-35
25        android:testOnly="true"
26        android:theme="@style/Theme.ParcialMovil2" >
26-->src\main\AndroidManifest.xml:17:9-51
27        <activity android:name="com.example.parcialmovil2.WebviewPagina" />
27-->src\main\AndroidManifest.xml:18:9-60
27-->src\main\AndroidManifest.xml:18:19-48
28        <activity android:name="com.example.parcialmovil2.SobreNosotros" />
28-->src\main\AndroidManifest.xml:19:9-51
28-->src\main\AndroidManifest.xml:19:19-48
29        <activity android:name="com.example.parcialmovil2.ListarEncuesta" />
29-->src\main\AndroidManifest.xml:20:9-52
29-->src\main\AndroidManifest.xml:20:19-49
30        <activity android:name="com.example.parcialmovil2.DatosUsers" />
30-->src\main\AndroidManifest.xml:21:9-48
30-->src\main\AndroidManifest.xml:21:19-45
31        <activity android:name="com.example.parcialmovil2.Main" />
31-->src\main\AndroidManifest.xml:22:9-42
31-->src\main\AndroidManifest.xml:22:19-39
32        <activity
32-->src\main\AndroidManifest.xml:23:9-31:20
33            android:name="com.example.parcialmovil2.MainActivity"
33-->src\main\AndroidManifest.xml:24:13-41
34            android:theme="@android:style/Theme.DeviceDefault.NoActionBar" >
34-->src\main\AndroidManifest.xml:25:13-75
35            <intent-filter>
35-->src\main\AndroidManifest.xml:26:13-30:29
36                <action android:name="android.intent.action.MAIN" />
36-->src\main\AndroidManifest.xml:27:17-69
36-->src\main\AndroidManifest.xml:27:25-66
37
38                <category android:name="android.intent.category.LAUNCHER" />
38-->src\main\AndroidManifest.xml:29:17-77
38-->src\main\AndroidManifest.xml:29:27-74
39            </intent-filter>
40        </activity>
41    </application>
42
43</manifest>